<?xml version="1.0" encoding="UTF-8" ?>
<testsuite tests="10" failures="0" name="generator.randomizers.RandomizerTest" time="0" errors="0" skipped="0">
  <properties>
[...]
</properties>
  <testcase classname="generator.randomizers.RandomizerTest" name="testIntegerRandomizerInDefaultRange" time="0"/>
  <testcase classname="generator.randomizers.RandomizerTest" name="testLookupIntegerRandomizer" time="0"/>
  <testcase classname="generator.randomizers.RandomizerTest" name="testStringRandomizer" time="0"/>
  <testcase classname="generator.randomizers.RandomizerTest" name="testDateRandomizer" time="0"/>
  <testcase classname="generator.randomizers.RandomizerTest" name="testDateInRangeRandomizer" time="0"/>
  <testcase classname="generator.randomizers.RandomizerTest" name="testEnumRandomizer" time="0"/>
  <testcase classname="generator.randomizers.RandomizerTest" name="testCharacterRandomizer" time="0"/>
  <testcase classname="generator.randomizers.RandomizerTest" name="testLongRandomizerInRange" time="0"/>
  <testcase classname="generator.randomizers.RandomizerTest" name="testIntegerRandomizerInRange" time="0"/>
  <testcase classname="generator.randomizers.RandomizerTest" name="testLookupRandomizerNotInMap" time="0"/>
</testsuite>